20:47:09.231 [main] TRACE App - Start of the application
20:47:09.234 [main] TRACE App - Start of the Setup
20:47:09.235 [main] TRACE App - Start of the Extraction
20:47:10.115 [main] TRACE App - Start of the Trasformation
20:47:10.400 [main] TRACE App - Start of the Analysis
20:47:10.415 [main] TRACE App - End of the application
20:49:22.843 [main] TRACE App - Start of the application
20:49:22.848 [main] TRACE App - Start of the Setup
20:49:22.850 [main] TRACE App - Start of the Extraction
20:49:23.790 [main] TRACE App - Start of the Trasformation
20:49:24.022 [main] TRACE App - Start of the Analysis
20:49:24.034 [main] TRACE App - End of the application
20:53:40.673 [main] TRACE App - Start of the application
20:53:40.676 [main] TRACE App - Start of the Setup
20:53:40.677 [main] TRACE App - Start of the Extraction
20:53:42.678 [main] TRACE App - Start of the Trasformation
20:53:42.939 [main] TRACE App - Start of the Analysis
20:53:42.983 [main] TRACE App - End of the application
20:54:39.341 [main] TRACE App - Start of the application
20:54:39.346 [main] TRACE App - Start of the Setup
20:54:39.347 [main] TRACE App - Start of the Extraction
20:54:40.510 [main] TRACE App - Start of the Trasformation
20:54:40.758 [main] TRACE App - Start of the Analysis
20:54:40.773 [main] TRACE App - End of the application
21:04:47.755 [main] TRACE App - Start of the application
21:04:47.758 [main] TRACE App - Start of the Setup
21:04:47.759 [main] TRACE App - Start of the Extraction
21:04:48.869 [main] TRACE App - Start of the Trasformation
21:04:49.080 [main] TRACE App - Start of the Analysis
21:04:49.092 [main] TRACE App - End of the application
21:07:57.746 [main] TRACE App - Start of the application
21:07:57.749 [main] TRACE App - Start of the Setup
21:07:57.749 [main] TRACE App - Start of the Extraction
21:07:58.619 [main] TRACE App - Start of the Trasformation
21:07:58.850 [main] TRACE App - Start of the Analysis
21:07:58.864 [main] TRACE App - End of the application
21:08:31.547 [main] TRACE App - Start of the application
21:08:31.554 [main] TRACE App - Start of the Setup
21:08:31.556 [main] TRACE App - Start of the Extraction
21:08:32.471 [main] TRACE App - Start of the Trasformation
21:08:32.747 [main] TRACE App - Start of the Analysis
21:08:32.761 [main] TRACE App - End of the application
17:23:46.266 [main] TRACE App - Start of the application
17:23:46.272 [main] TRACE App - Start of the Setup
17:23:46.273 [main] TRACE App - Start of the Extraction
17:23:47.448 [main] TRACE App - Start of the Trasformation
17:23:47.744 [main] TRACE App - Start of the Analysis
17:23:47.760 [main] TRACE App - End of the application
21:52:21.606 [main] TRACE App - Start of the application
21:52:21.609 [main] TRACE App - Start of the Setup
21:52:21.610 [main] TRACE App - Start of the Extraction
21:52:22.694 [main] TRACE App - Start of the Trasformation
21:52:22.976 [main] TRACE App - Start of the Analysis
21:52:22.994 [main] TRACE App - End of the application
21:54:46.922 [main] TRACE App - Start of the application
21:54:46.927 [main] TRACE App - Start of the Setup
21:54:46.929 [main] TRACE App - Start of the Extraction
21:54:48.294 [main] TRACE App - Start of the Trasformation
21:54:48.639 [main] TRACE App - Start of the Analysis
21:54:48.659 [main] TRACE App - End of the application
21:55:01.530 [main] TRACE App - Start of the application
21:55:01.532 [main] TRACE App - Start of the Setup
21:55:01.533 [main] TRACE App - Start of the Extraction
21:55:07.113 [main] TRACE App - Start of the Trasformation
21:58:39.233 [main] TRACE App - Start of the application
21:58:39.236 [main] TRACE App - Start of the Setup
21:58:39.237 [main] TRACE App - Start of the Extraction
21:58:43.843 [main] TRACE App - Start of the Trasformation
22:00:54.640 [main] TRACE App - Start of the application
22:00:54.643 [main] TRACE App - Start of the Setup
22:00:54.645 [main] TRACE App - Start of the Extraction
22:00:58.463 [main] TRACE App - Start of the Trasformation
22:01:16.705 [main] TRACE App - Start of the application
22:01:16.709 [main] TRACE App - Start of the Setup
22:01:16.710 [main] TRACE App - Start of the Extraction
22:01:20.183 [main] TRACE App - Start of the Trasformation
22:03:21.694 [main] TRACE App - Start of the application
22:03:21.698 [main] TRACE App - Start of the Setup
22:03:21.699 [main] TRACE App - Start of the Extraction
22:03:25.543 [main] TRACE App - Start of the Trasformation
22:05:41.898 [main] TRACE App - Start of the application
22:05:41.903 [main] TRACE App - Start of the Setup
22:05:41.906 [main] TRACE App - Start of the Extraction
22:05:48.517 [main] TRACE App - Start of the Trasformation
22:06:48.555 [main] TRACE App - Start of the application
22:06:48.558 [main] TRACE App - Start of the Setup
22:06:48.559 [main] TRACE App - Start of the Extraction
22:06:53.977 [main] TRACE App - Start of the Trasformation
22:07:58.879 [main] TRACE App - Start of the application
22:07:58.884 [main] TRACE App - Start of the Setup
22:07:58.885 [main] TRACE App - Start of the Extraction
22:08:06.212 [main] TRACE App - Start of the Trasformation
22:08:19.371 [main] TRACE App - Start of the application
22:08:19.374 [main] TRACE App - Start of the Setup
22:08:19.375 [main] TRACE App - Start of the Extraction
22:08:25.472 [main] TRACE App - Start of the Trasformation
22:08:54.549 [main] TRACE App - Start of the application
22:08:54.553 [main] TRACE App - Start of the Setup
22:08:54.555 [main] TRACE App - Start of the Extraction
22:08:56.240 [main] TRACE App - Start of the Trasformation
22:08:56.555 [main] TRACE App - Start of the Analysis
22:08:56.573 [main] TRACE App - End of the application
22:09:41.320 [main] TRACE App - Start of the application
22:09:41.323 [main] TRACE App - Start of the Setup
22:09:41.324 [main] TRACE App - Start of the Extraction
22:09:42.621 [main] TRACE App - Start of the Trasformation
22:13:11.097 [main] TRACE App - Start of the application
22:13:11.101 [main] TRACE App - Start of the Setup
22:13:11.102 [main] TRACE App - Start of the Extraction
22:13:12.693 [main] TRACE App - Start of the Trasformation
22:13:28.568 [main] TRACE App - Start of the application
22:13:28.571 [main] TRACE App - Start of the Setup
22:13:28.572 [main] TRACE App - Start of the Extraction
22:13:29.929 [main] TRACE App - Start of the Trasformation
22:13:30.171 [main] TRACE App - Start of the Analysis
22:13:54.501 [main] TRACE App - Start of the application
22:13:54.505 [main] TRACE App - Start of the Setup
22:13:54.507 [main] TRACE App - Start of the Extraction
22:13:56.065 [main] TRACE App - Start of the Trasformation
22:16:44.462 [main] TRACE App - Start of the application
22:16:44.468 [main] TRACE App - Start of the Setup
22:16:44.470 [main] TRACE App - Start of the Extraction
22:16:45.870 [main] TRACE App - Start of the Trasformation
22:17:57.872 [main] TRACE App - Start of the application
22:17:57.875 [main] TRACE App - Start of the Setup
22:17:57.876 [main] TRACE App - Start of the Extraction
22:17:59.443 [main] TRACE App - Start of the Trasformation
22:18:50.339 [main] TRACE App - Start of the application
22:18:50.343 [main] TRACE App - Start of the Setup
22:18:50.345 [main] TRACE App - Start of the Extraction
22:18:51.807 [main] TRACE App - Start of the Trasformation
22:19:07.565 [main] TRACE App - Start of the application
22:19:07.571 [main] TRACE App - Start of the Setup
22:19:07.575 [main] TRACE App - Start of the Extraction
22:19:09.192 [main] TRACE App - Start of the Trasformation
22:21:19.742 [main] TRACE App - Start of the application
22:21:19.745 [main] TRACE App - Start of the Setup
22:21:19.747 [main] TRACE App - Start of the Extraction
22:21:21.335 [main] TRACE App - Start of the Trasformation
22:21:54.177 [main] TRACE App - Start of the application
22:21:54.180 [main] TRACE App - Start of the Setup
22:21:54.181 [main] TRACE App - Start of the Extraction
22:21:55.529 [main] TRACE App - Start of the Trasformation
22:22:17.539 [main] TRACE App - Start of the application
22:22:17.552 [main] TRACE App - Start of the Setup
22:22:17.553 [main] TRACE App - Start of the Extraction
22:22:19.134 [main] TRACE App - Start of the Trasformation
22:23:46.317 [main] TRACE App - Start of the application
22:23:46.321 [main] TRACE App - Start of the Setup
22:23:46.322 [main] TRACE App - Start of the Extraction
22:23:47.851 [main] TRACE App - Start of the Trasformation
22:23:48.184 [main] TRACE App - Start of the Analysis
22:23:48.204 [main] TRACE App - End of the application
22:25:17.466 [main] TRACE App - Start of the application
22:25:17.470 [main] TRACE App - Start of the Setup
22:25:17.471 [main] TRACE App - Start of the Extraction
22:25:18.989 [main] TRACE App - Start of the Trasformation
22:25:19.324 [main] TRACE App - Start of the Analysis
22:25:19.343 [main] TRACE App - End of the application
22:31:37.200 [main] TRACE App - Start of the application
22:31:37.204 [main] TRACE App - Start of the Setup
22:31:37.206 [main] TRACE App - Start of the Extraction
22:31:38.786 [main] TRACE App - Start of the Trasformation
22:31:39.109 [main] TRACE App - Start of the Analysis
22:31:39.125 [main] TRACE App - End of the application
22:32:11.310 [main] TRACE App - Start of the application
22:32:11.315 [main] TRACE App - Start of the Setup
22:32:11.317 [main] TRACE App - Start of the Extraction
22:32:12.709 [main] TRACE App - Start of the Trasformation
22:32:13.023 [main] TRACE App - Start of the Analysis
22:32:13.037 [main] TRACE App - End of the application
22:37:24.593 [main] TRACE App - Start of the application
22:37:24.597 [main] TRACE App - Start of the Setup
22:37:24.599 [main] TRACE App - Start of the Extraction
22:37:26.231 [main] TRACE App - Start of the Trasformation
22:37:26.557 [main] TRACE App - Start of the Analysis
22:37:26.581 [main] TRACE App - End of the application
22:39:52.437 [main] TRACE App - Start of the application
22:39:52.441 [main] TRACE App - Start of the Setup
22:39:52.442 [main] TRACE App - Start of the Extraction
22:39:56.534 [main] TRACE App - Start of the Trasformation
22:41:07.375 [main] TRACE App - Start of the application
22:41:07.379 [main] TRACE App - Start of the Setup
22:41:07.380 [main] TRACE App - Start of the Extraction
22:41:10.772 [main] TRACE App - Start of the Trasformation
22:44:56.967 [main] TRACE App - Start of the application
22:44:56.970 [main] TRACE App - Start of the Setup
22:44:56.971 [main] TRACE App - Start of the Extraction
22:45:00.030 [main] TRACE App - Start of the Trasformation
22:45:57.187 [main] TRACE App - Start of the application
22:45:57.191 [main] TRACE App - Start of the Setup
22:45:57.193 [main] TRACE App - Start of the Extraction
22:45:58.794 [main] TRACE App - Start of the Trasformation
22:46:11.496 [main] TRACE App - Start of the application
22:46:11.499 [main] TRACE App - Start of the Setup
22:46:11.500 [main] TRACE App - Start of the Extraction
22:46:12.738 [main] TRACE App - Start of the Trasformation
22:46:13.058 [main] TRACE App - Start of the Analysis
22:46:13.086 [main] TRACE App - End of the application
22:46:23.197 [main] TRACE App - Start of the application
22:46:23.201 [main] TRACE App - Start of the Setup
22:46:23.202 [main] TRACE App - Start of the Extraction
22:46:24.416 [main] TRACE App - Start of the Trasformation
22:46:24.742 [main] TRACE App - Start of the Analysis
22:46:24.759 [main] TRACE App - End of the application
22:46:34.863 [main] TRACE App - Start of the application
22:46:34.866 [main] TRACE App - Start of the Setup
22:46:34.868 [main] TRACE App - Start of the Extraction
22:46:36.136 [main] TRACE App - Start of the Trasformation
22:46:36.462 [main] TRACE App - Start of the Analysis
22:46:36.484 [main] TRACE App - End of the application
22:46:46.213 [main] TRACE App - Start of the application
22:46:46.217 [main] TRACE App - Start of the Setup
22:46:46.218 [main] TRACE App - Start of the Extraction
22:46:47.536 [main] TRACE App - Start of the Trasformation
22:46:47.867 [main] TRACE App - Start of the Analysis
22:46:47.888 [main] TRACE App - End of the application
22:46:57.476 [main] TRACE App - Start of the application
22:46:57.479 [main] TRACE App - Start of the Setup
22:46:57.480 [main] TRACE App - Start of the Extraction
22:46:58.839 [main] TRACE App - Start of the Trasformation
22:47:10.062 [main] TRACE App - Start of the application
22:47:10.065 [main] TRACE App - Start of the Setup
22:47:10.066 [main] TRACE App - Start of the Extraction
22:47:11.540 [main] TRACE App - Start of the Trasformation
22:47:11.869 [main] TRACE App - Start of the Analysis
22:47:11.891 [main] TRACE App - End of the application
22:47:23.545 [main] TRACE App - Start of the application
22:47:23.548 [main] TRACE App - Start of the Setup
22:47:23.550 [main] TRACE App - Start of the Extraction
22:47:25.107 [main] TRACE App - Start of the Trasformation
22:47:25.430 [main] TRACE App - Start of the Analysis
22:47:25.448 [main] TRACE App - End of the application
22:47:32.998 [main] TRACE App - Start of the application
22:47:33.001 [main] TRACE App - Start of the Setup
22:47:33.002 [main] TRACE App - Start of the Extraction
22:47:34.599 [main] TRACE App - Start of the Trasformation
22:47:34.937 [main] TRACE App - Start of the Analysis
22:47:34.954 [main] TRACE App - End of the application
22:47:44.444 [main] TRACE App - Start of the application
22:47:44.448 [main] TRACE App - Start of the Setup
22:47:44.450 [main] TRACE App - Start of the Extraction
22:47:46.076 [main] TRACE App - Start of the Trasformation
22:47:46.424 [main] TRACE App - Start of the Analysis
22:47:46.441 [main] TRACE App - End of the application
22:47:56.047 [main] TRACE App - Start of the application
22:47:56.050 [main] TRACE App - Start of the Setup
22:47:56.051 [main] TRACE App - Start of the Extraction
22:47:57.602 [main] TRACE App - Start of the Trasformation
22:53:29.340 [main] TRACE App - Start of the application
22:53:29.343 [main] TRACE App - Start of the Setup
22:53:29.344 [main] TRACE App - Start of the Extraction
22:53:30.981 [main] TRACE App - Start of the Trasformation
14:48:58.168 [main] TRACE App - Start of the application
14:48:58.175 [main] TRACE App - Start of the Setup
14:48:58.177 [main] TRACE App - Start of the Extraction
14:48:59.070 [main] TRACE App - Start of the Trasformation
14:48:59.259 [main] TRACE App - Start of the Analysis
14:48:59.271 [main] TRACE App - End of the application
14:49:24.691 [main] TRACE App - Start of the application
14:49:24.694 [main] TRACE App - Start of the Setup
14:49:24.696 [main] TRACE App - Start of the Extraction
14:49:25.557 [main] TRACE App - Start of the Trasformation
14:49:25.810 [main] TRACE App - Start of the Analysis
14:49:25.822 [main] TRACE App - End of the application
22:38:26.501 [main] TRACE App - Start of the application
22:38:26.511 [main] TRACE App - Start of the Setup
22:38:26.512 [main] TRACE App - Start of the Extraction
22:38:27.382 [main] TRACE App - Start of the Trasformation
22:38:27.569 [main] TRACE App - Start of the Analysis
22:38:27.585 [main] TRACE App - End of the application
22:40:49.539 [main] TRACE App - Start of the application
22:40:49.542 [main] TRACE App - Start of the Setup
22:41:54.623 [main] TRACE App - Start of the application
22:41:54.627 [main] TRACE App - Start of the Setup
22:41:54.628 [main] TRACE App - Start of the Extraction
22:41:56.158 [main] TRACE App - Start of the Trasformation
22:41:56.473 [main] TRACE App - Start of the Analysis
22:41:56.493 [main] TRACE App - End of the application
22:46:12.500 [main] TRACE App - Start of the application
22:46:12.504 [main] TRACE App - Start of the Setup
22:46:12.505 [main] TRACE App - Start of the Extraction
22:46:14.355 [main] TRACE App - Start of the Trasformation
22:46:14.590 [main] TRACE App - Start of the Analysis
22:46:14.603 [main] TRACE App - End of the application
22:46:46.959 [main] TRACE App - Start of the application
22:46:46.963 [main] TRACE App - Start of the Setup
22:46:46.965 [main] ERROR App - The input file don't contain a number
java.lang.NumberFormatException: For input string: "a"
	at java.lang.NumberFormatException.forInputString(NumberFormatException.java:65) ~[?:?]
	at java.lang.Integer.parseInt(Integer.java:652) ~[?:?]
	at java.lang.Integer.parseInt(Integer.java:770) ~[?:?]
	at Setup.setup(Setup.java:37) [classes/:?]
	at App.main(App.java:17) [classes/:?]
22:46:46.985 [main] TRACE App - Start of the Extraction
22:46:47.916 [main] TRACE App - Start of the Trasformation
22:46:48.150 [main] TRACE App - Start of the Analysis
22:46:48.163 [main] TRACE App - End of the application
22:48:52.878 [main] TRACE App - Start of the application
22:48:52.882 [main] TRACE App - Start of the Setup
22:48:52.883 [main] FATAL App - The input file don't contain a number
22:48:52.883 [main] TRACE App - Start of the Extraction
22:48:53.832 [main] TRACE App - Start of the Trasformation
22:48:54.105 [main] TRACE App - Start of the Analysis
22:48:54.118 [main] TRACE App - End of the application
22:49:23.838 [main] TRACE App - Start of the application
22:49:23.842 [main] TRACE App - Start of the Setup
22:49:23.844 [main] FATAL App - The input file don't contain a number
22:49:37.809 [main] TRACE App - Start of the application
22:49:37.821 [main] TRACE App - Start of the Setup
22:49:37.823 [main] FATAL App - The input file don't contain a number
22:52:06.281 [main] TRACE App - Start of the application
22:52:06.283 [main] TRACE App - Start of the Setup
22:52:06.284 [main] TRACE App - Start of the Extraction
22:52:07.171 [main] TRACE App - Start of the Trasformation
22:52:07.367 [main] TRACE App - Start of the Analysis
22:52:07.386 [main] TRACE App - End of the application
22:52:18.432 [main] TRACE App - Start of the application
22:52:18.438 [main] TRACE App - Start of the Setup
22:52:18.439 [main] TRACE App - Start of the Extraction
22:52:19.253 [main] TRACE App - Start of the Trasformation
22:52:19.432 [main] TRACE App - Start of the Analysis
22:52:19.446 [main] TRACE App - End of the application
22:53:38.921 [main] TRACE App - Start of the application
22:53:38.924 [main] TRACE App - Start of the Setup
22:53:38.925 [main] TRACE App - Start of the Extraction
22:53:39.762 [main] TRACE App - Start of the Trasformation
22:53:39.971 [main] TRACE App - Start of the Analysis
22:53:39.990 [main] TRACE App - End of the application
22:57:13.231 [main] TRACE App - Start of the application
22:57:13.235 [main] TRACE App - Start of the Setup
22:57:13.236 [main] TRACE App - Start of the Extraction
22:57:14.093 [main] TRACE App - Start of the Trasformation
22:57:14.275 [main] TRACE App - Start of the Analysis
22:57:14.288 [main] TRACE App - End of the application
23:03:46.560 [main] TRACE App - Start of the application
23:03:46.566 [main] TRACE App - Start of the Setup
23:03:46.568 [main] TRACE App - Start of the Extraction
23:03:48.186 [main] TRACE App - Start of the Trasformation
23:03:48.536 [main] TRACE App - Start of the Analysis
23:03:48.550 [main] TRACE App - End of the application
23:04:09.186 [main] TRACE App - Start of the application
23:04:09.191 [main] TRACE App - Start of the Setup
23:04:09.192 [main] TRACE App - Start of the Extraction
23:04:11.030 [main] TRACE App - Start of the Trasformation
23:05:49.236 [main] TRACE App - Start of the application
23:05:49.240 [main] TRACE App - Start of the Setup
23:05:49.243 [main] TRACE App - Start of the Extraction
23:05:51.825 [main] TRACE App - Start of the Trasformation
23:09:41.058 [main] TRACE App - Start of the application
23:09:41.061 [main] TRACE App - Start of the Setup
23:09:41.063 [main] TRACE App - Start of the Extraction
23:09:43.544 [main] TRACE App - Start of the Trasformation
23:11:55.653 [main] TRACE App - Start of the application
23:11:55.655 [main] TRACE App - Start of the Setup
23:11:55.657 [main] TRACE App - Start of the Extraction
23:11:58.056 [main] TRACE App - Start of the Trasformation
23:14:04.456 [main] TRACE App - Start of the application
23:14:04.458 [main] TRACE App - Start of the Setup
23:14:04.459 [main] TRACE App - Start of the Extraction
23:14:06.818 [main] TRACE App - Start of the Trasformation
23:20:11.014 [main] TRACE App - Start of the application
23:20:11.019 [main] TRACE App - Start of the Setup
23:20:11.020 [main] TRACE App - Start of the Extraction
23:20:13.387 [main] TRACE App - Start of the Trasformation
23:20:42.743 [main] TRACE App - Start of the application
23:20:42.746 [main] TRACE App - Start of the Setup
23:20:42.748 [main] TRACE App - Start of the Extraction
23:20:45.023 [main] TRACE App - Start of the Trasformation
23:23:14.534 [main] TRACE App - Start of the application
23:23:14.536 [main] TRACE App - Start of the Setup
23:23:14.538 [main] TRACE App - Start of the Extraction
23:23:17.173 [main] TRACE App - Start of the Trasformation
23:25:47.163 [main] TRACE App - Start of the application
23:25:47.168 [main] TRACE App - Start of the Setup
23:25:47.170 [main] TRACE App - Start of the Extraction
23:25:49.476 [main] TRACE App - Start of the Trasformation
23:26:58.356 [main] TRACE App - Start of the application
23:26:58.360 [main] TRACE App - Start of the Setup
23:26:58.362 [main] TRACE App - Start of the Extraction
23:27:00.615 [main] TRACE App - Start of the Trasformation
23:29:00.617 [main] TRACE App - Start of the application
23:29:00.620 [main] TRACE App - Start of the Setup
23:29:00.622 [main] TRACE App - Start of the Extraction
23:29:02.900 [main] TRACE App - Start of the Trasformation
23:29:03.387 [main] TRACE App - Start of the Analysis
23:30:10.573 [main] TRACE App - Start of the application
23:30:10.576 [main] TRACE App - Start of the Setup
23:30:10.579 [main] TRACE App - Start of the Extraction
23:30:12.887 [main] TRACE App - Start of the Trasformation
23:30:13.385 [main] TRACE App - Start of the Analysis
23:30:13.412 [main] TRACE App - End of the application
23:31:26.798 [main] TRACE App - Start of the application
23:31:26.803 [main] TRACE App - Start of the Setup
23:31:26.805 [main] TRACE App - Start of the Extraction
23:31:34.421 [main] TRACE App - Start of the Trasformation
23:31:36.263 [main] TRACE App - Start of the Analysis
23:31:36.297 [main] TRACE App - End of the application
14:39:36.693 [main] TRACE App - Start of the application
14:39:36.695 [main] TRACE App - Start of the Setup
14:39:36.696 [main] TRACE App - Start of the Extraction
14:39:37.055 [main] TRACE App - Start of the Trasformation
16:22:48.170 [main] TRACE App - Start of the application
16:22:48.174 [main] TRACE App - Start of the Setup
16:22:48.175 [main] TRACE App - Start of the Extraction
16:22:51.334 [main] TRACE App - Start of the Trasformation
16:22:51.498 [main] TRACE App - Start of the Analysis
16:22:51.513 [main] TRACE App - End of the application
16:23:38.862 [main] TRACE App - Start of the application
16:23:38.867 [main] TRACE App - Start of the Setup
16:23:38.867 [main] TRACE App - Start of the Extraction
16:23:44.853 [main] TRACE App - Start of the Trasformation
16:23:45.014 [main] TRACE App - Start of the Analysis
16:23:45.026 [main] TRACE App - End of the application
09:44:21.084 [main] TRACE App - Start of the application
09:44:21.090 [main] TRACE App - Start of the Setup
09:44:21.091 [main] TRACE App - Start of the Extraction
09:44:23.035 [main] TRACE App - Start of the Trasformation
09:44:23.840 [main] TRACE App - Start of the Analysis
09:44:23.858 [main] TRACE App - End of the application
09:45:10.967 [main] TRACE App - Start of the application
09:45:10.972 [main] TRACE App - Start of the Setup
09:45:10.973 [main] TRACE App - Start of the Extraction
09:45:12.377 [main] TRACE App - Start of the Trasformation
09:45:12.697 [main] TRACE App - Start of the Analysis
09:45:12.715 [main] TRACE App - End of the application
10:16:05.195 [main] TRACE App - Start of the application
10:16:05.195 [main] TRACE App - Start of the Setup
10:16:05.195 [main] TRACE App - Start of the Extraction
10:16:06.065 [main] TRACE App - Start of the Trasformation
10:16:06.234 [main] TRACE App - Start of the Analysis
10:16:06.250 [main] TRACE App - End of the application
16:51:48.179 [main] TRACE App - Starting application
16:51:48.183 [main] TRACE App - Startinf setup
16:51:48.184 [main] TRACE App - Starting extraction
16:51:51.291 [main] TRACE App - Starting trasformation
16:51:51.454 [main] TRACE App - Starting analysis
16:51:51.464 [main] TRACE App - End of the execution
16:52:24.762 [main] TRACE App - Starting application
16:52:24.765 [main] TRACE App - Startinf setup
16:52:24.766 [main] TRACE App - Starting extraction
16:52:30.757 [main] TRACE App - Starting trasformation
16:52:30.905 [main] TRACE App - Starting analysis
16:52:30.916 [main] TRACE App - End of the execution
16:53:10.487 [main] TRACE App - Starting application
16:53:10.489 [main] TRACE App - Startinf setup
16:53:10.491 [main] TRACE App - Starting extraction
16:53:13.564 [main] TRACE App - Starting trasformation
16:53:13.710 [main] TRACE App - Starting analysis
16:53:13.721 [main] TRACE App - End of the execution
16:54:35.176 [main] TRACE App - Starting application
16:54:35.179 [main] TRACE App - Startinf setup
16:54:35.180 [main] TRACE App - Starting extraction
16:54:38.121 [main] TRACE App - Starting trasformation
16:54:38.267 [main] TRACE App - Starting analysis
16:54:38.277 [main] TRACE App - End of the execution
16:54:47.610 [main] TRACE App - Starting application
16:54:47.615 [main] TRACE App - Startinf setup
16:54:47.617 [main] TRACE App - Starting extraction
16:54:53.573 [main] TRACE App - Starting trasformation
16:54:53.719 [main] TRACE App - Starting analysis
16:54:53.729 [main] TRACE App - End of the execution
16:56:33.230 [main] TRACE App - Starting application
16:56:33.234 [main] TRACE App - Startinf setup
16:56:33.235 [main] TRACE App - Starting extraction
16:56:36.354 [main] TRACE App - Starting trasformation
16:56:36.509 [main] TRACE App - Starting analysis
16:56:36.521 [main] TRACE App - End of the execution
17:23:48.299 [main] TRACE App - Starting application
17:23:48.302 [main] TRACE App - Startinf setup
17:23:48.303 [main] TRACE App - Starting extraction
17:23:57.161 [main] TRACE App - Starting trasformation
17:23:57.321 [main] TRACE App - Starting analysis
17:23:57.332 [main] TRACE App - End of the execution
17:26:23.973 [main] TRACE App - Starting application
17:26:23.979 [main] TRACE App - Startinf setup
17:26:23.979 [main] TRACE App - Starting extraction
17:26:26.981 [main] TRACE App - Starting trasformation
17:26:27.131 [main] TRACE App - Starting analysis
17:26:27.142 [main] TRACE App - End of the execution
17:26:32.953 [main] TRACE App - Starting application
17:26:32.955 [main] TRACE App - Startinf setup
17:26:32.956 [main] TRACE App - Starting extraction
17:26:39.008 [main] TRACE App - Starting trasformation
17:26:39.160 [main] TRACE App - Starting analysis
17:26:39.171 [main] TRACE App - End of the execution
17:27:20.203 [main] TRACE App - Starting application
17:27:20.209 [main] TRACE App - Startinf setup
17:27:20.210 [main] TRACE App - Starting extraction
17:27:26.143 [main] TRACE App - Starting trasformation
17:27:26.297 [main] TRACE App - Starting analysis
17:27:26.309 [main] TRACE App - End of the execution
17:28:14.016 [main] TRACE App - Starting application
17:28:14.020 [main] TRACE App - Startinf setup
17:28:14.022 [main] TRACE App - Starting extraction
17:28:17.283 [main] TRACE App - Starting trasformation
17:28:17.435 [main] TRACE App - Starting analysis
17:28:17.445 [main] TRACE App - End of the execution
17:28:27.325 [main] TRACE App - Starting application
17:28:27.331 [main] TRACE App - Startinf setup
17:28:27.332 [main] TRACE App - Starting extraction
17:28:33.266 [main] TRACE App - Starting trasformation
17:28:33.416 [main] TRACE App - Starting analysis
17:28:33.426 [main] TRACE App - End of the execution
17:30:02.917 [main] TRACE App - Starting application
17:30:02.920 [main] TRACE App - Startinf setup
17:30:02.920 [main] TRACE App - Starting extraction
17:30:06.277 [main] TRACE App - Starting trasformation
17:30:06.452 [main] TRACE App - Starting analysis
17:30:06.462 [main] TRACE App - End of the execution
17:33:32.990 [main] TRACE App - Starting application
17:33:32.994 [main] TRACE App - Startinf setup
17:33:32.995 [main] TRACE App - Starting extraction
17:33:37.932 [main] TRACE App - Starting trasformation
17:34:59.020 [main] TRACE App - Starting application
17:34:59.023 [main] TRACE App - Startinf setup
17:34:59.024 [main] TRACE App - Starting extraction
17:35:02.373 [main] TRACE App - Starting trasformation
17:35:02.538 [main] TRACE App - Starting analysis
17:35:02.547 [main] TRACE App - End of the execution
17:37:06.115 [main] TRACE App - Starting application
17:37:06.120 [main] TRACE App - Startinf setup
17:37:06.121 [main] TRACE App - Starting extraction
17:37:09.546 [main] TRACE App - Starting trasformation
17:37:09.715 [main] TRACE App - Starting analysis
17:37:09.725 [main] TRACE App - End of the execution
17:38:14.247 [main] TRACE App - Starting application
17:38:14.249 [main] TRACE App - Startinf setup
17:38:14.249 [main] TRACE App - Starting extraction
17:38:20.485 [main] TRACE App - Starting trasformation
17:38:20.652 [main] TRACE App - Starting analysis
17:38:20.661 [main] TRACE App - End of the execution
17:38:56.897 [main] TRACE App - Starting application
17:38:56.901 [main] TRACE App - Startinf setup
17:38:56.903 [main] TRACE App - Starting extraction
17:39:03.285 [main] TRACE App - Starting trasformation
17:39:03.452 [main] TRACE App - Starting analysis
17:39:03.462 [main] TRACE App - End of the execution
21:26:17.549 [main] TRACE App - Starting application
21:26:17.551 [main] TRACE App - Startinf setup
21:26:17.552 [main] TRACE App - Starting extraction
21:26:18.494 [main] TRACE App - Starting trasformation
21:26:18.669 [main] TRACE App - Starting analysis
21:26:18.679 [main] TRACE App - End of the execution
21:26:28.465 [main] TRACE App - Starting application
21:26:28.470 [main] TRACE App - Startinf setup
21:26:28.470 [main] TRACE App - Starting extraction
21:26:29.350 [main] TRACE App - Starting trasformation
21:26:29.512 [main] TRACE App - Starting analysis
21:26:29.522 [main] TRACE App - End of the execution
21:28:02.471 [main] TRACE App - Starting application
21:28:02.474 [main] TRACE App - Startinf setup
21:28:02.475 [main] TRACE App - Starting extraction
21:28:03.345 [main] TRACE App - Starting trasformation
21:28:03.512 [main] TRACE App - Starting analysis
21:28:03.522 [main] TRACE App - End of the execution
22:51:59.857 [main] TRACE App - Starting application
22:51:59.859 [main] TRACE App - Starting setup
22:51:59.860 [main] TRACE App - Starting extraction
22:52:00.824 [main] TRACE App - Starting transformation
22:52:00.991 [main] TRACE App - Starting analysis
22:52:01.002 [main] TRACE App - End of the execution
22:57:28.451 [main] ERROR Transformation - Error with the processing of json object
22:57:51.453 [main] ERROR Transformation - Error with the processing of json object
23:01:47.164 [main] TRACE App - Starting application
23:01:47.166 [main] TRACE App - Starting setup
23:01:47.167 [main] TRACE App - Starting extraction
23:01:48.951 [main] TRACE App - Starting transformation
23:01:49.101 [main] TRACE App - Starting analysis
23:01:49.113 [main] TRACE App - End of the execution
23:24:41.903 [main] TRACE App - Starting application
23:24:41.909 [main] TRACE App - Starting setup
23:24:41.911 [main] TRACE App - Starting extraction
23:24:42.811 [main] TRACE App - Starting transformation
23:24:42.987 [main] TRACE App - Starting analysis
23:24:42.999 [main] TRACE App - End of the execution
23:25:18.156 [main] ERROR Transformation - Error with the processing of json object
23:25:33.162 [main] TRACE App - Starting application
23:25:33.167 [main] TRACE App - Starting setup
23:25:33.168 [main] TRACE App - Starting extraction
23:25:33.994 [main] TRACE App - Starting transformation
23:25:34.154 [main] TRACE App - Starting analysis
23:25:34.168 [main] TRACE App - End of the execution
09:10:43.956 [main] TRACE App - Starting application
09:10:43.960 [main] TRACE App - Starting setup
09:10:43.962 [main] TRACE App - Starting extraction
09:10:45.355 [main] TRACE App - Starting transformation
09:10:45.583 [main] TRACE App - Starting analysis
09:10:45.598 [main] TRACE App - End of the execution
09:13:35.678 [main] TRACE App - Starting application
09:13:35.681 [main] TRACE App - Starting setup
09:13:35.683 [main] TRACE App - Starting extraction
09:13:36.464 [main] TRACE App - Starting transformation
09:14:48.910 [main] TRACE App - Starting application
09:14:48.912 [main] TRACE App - Starting setup
09:14:48.914 [main] TRACE App - Starting extraction
09:14:49.679 [main] TRACE App - Starting transformation
09:23:44.904 [main] TRACE App - Starting application
09:23:44.908 [main] TRACE App - Starting setup
09:23:44.910 [main] TRACE App - Starting extraction
09:23:45.735 [main] TRACE App - Starting transformation
09:24:37.469 [main] TRACE App - Starting application
09:24:37.473 [main] TRACE App - Starting setup
09:24:37.476 [main] TRACE App - Starting extraction
09:24:38.227 [main] TRACE App - Starting transformation
09:24:38.467 [main] TRACE App - Starting analysis
09:24:38.479 [main] TRACE App - End of the execution
09:25:14.727 [main] TRACE App - Starting application
09:25:14.731 [main] TRACE App - Starting setup
09:25:14.732 [main] TRACE App - Starting extraction
09:25:15.628 [main] TRACE App - Starting transformation
09:25:15.876 [main] TRACE App - Starting analysis
09:25:15.893 [main] TRACE App - End of the execution
09:26:01.225 [main] TRACE App - Starting application
09:26:01.227 [main] TRACE App - Starting setup
09:26:01.229 [main] TRACE App - Starting extraction
09:26:02.013 [main] TRACE App - Starting transformation
09:26:02.252 [main] TRACE App - Starting analysis
09:26:02.266 [main] TRACE App - End of the execution
09:26:13.329 [main] TRACE App - Starting application
09:26:13.333 [main] TRACE App - Starting setup
09:26:13.334 [main] TRACE App - Starting extraction
09:26:14.130 [main] TRACE App - Starting transformation
09:26:14.332 [main] TRACE App - Starting analysis
09:26:14.346 [main] TRACE App - End of the execution
09:28:53.780 [main] TRACE App - Starting application
09:28:53.783 [main] TRACE App - Starting setup
09:28:53.784 [main] TRACE App - Starting extraction
09:28:54.665 [main] TRACE App - Starting transformation
09:28:54.891 [main] TRACE App - Starting analysis
09:28:54.906 [main] TRACE App - End of the execution
10:01:47.592 [main] ERROR Transformation - Error with the processing of json object
